# JRE version: OpenJDK Runtime Environment Temurin-17.0.10+7 (17.0.10+7) (build 17.0.10+7)
# Java VM: OpenJDK 64-Bit Server VM Temurin-17.0.10+7 (17.0.10+7, mixed mode, emulated-client, tiered, compressed oops, compressed class ptrs, g1 gc, windows-amd64)
GC Precious Log:
 CPUs: 8 total, 8 available
 Memory: 7986M
 Large Page Support: Disabled
 NUMA Support: Disabled
 Compressed Oops: Enabled (32-bit)
 Heap Region Size: 1M
 Heap Min Capacity: 8M
 Heap Initial Capacity: 126M
 Heap Max Capacity: 1998M
 Pre-touch: Disabled
 Parallel Workers: 8
 Concurrent Workers: 2
 Concurrent Refinement Workers: 8
 Periodic GC: Disabled
Heap:
 garbage-first heap   total 157696K, used 86016K [0x0000000083200000, 0x0000000100000000)
  region size 1024K, 4 young (4096K), 4 survivors (4096K)
 Metaspace       used 85246K, committed 85824K, reserved 1179648K
  class space    used 11948K, committed 12224K, reserved 1048576K
GC Heap History (20 events):
Event: 38.037 GC heap after
{Heap after GC invocations=37 (full 0):
 garbage-first heap   total 61440K, used 32558K [0x0000000083200000, 0x0000000100000000)
  region size 1024K, 1 young (1024K), 1 survivors (1024K)
 Metaspace       used 76134K, committed 76736K, reserved 1179648K
  class space    used 10476K, committed 10752K, reserved 1048576K
}
Event: 38.692 GC heap before
{Heap before GC invocations=37 (full 0):
 garbage-first heap   total 61440K, used 49966K [0x0000000083200000, 0x0000000100000000)
  region size 1024K, 18 young (18432K), 1 survivors (1024K)
 Metaspace       used 77786K, committed 78336K, reserved 1179648K
  class space    used 10804K, committed 11072K, reserved 1048576K
}
Event: 38.696 GC heap after
{Heap after GC invocations=38 (full 0):
 garbage-first heap   total 61440K, used 33435K [0x0000000083200000, 0x0000000100000000)
  region size 1024K, 2 young (2048K), 2 survivors (2048K)
 Metaspace       used 77786K, committed 78336K, reserved 1179648K
  class space    used 10804K, committed 11072K, reserved 1048576K
}
Event: 39.104 GC heap before
{Heap before GC invocations=39 (full 0):
 garbage-first heap   total 65536K, used 48795K [0x0000000083200000, 0x0000000100000000)
  region size 1024K, 18 young (18432K), 2 survivors (2048K)
 Metaspace       used 79361K, committed 79872K, reserved 1179648K
  class space    used 11152K, committed 11392K, reserved 1048576K
}
Event: 39.110 GC heap after
{Heap after GC invocations=40 (full 0):
 garbage-first heap   total 65536K, used 34779K [0x0000000083200000, 0x0000000100000000)
  region size 1024K, 3 young (3072K), 3 survivors (3072K)
 Metaspace       used 79361K, committed 79872K, reserved 1179648K
  class space    used 11152K, committed 11392K, reserved 1048576K
}
Event: 39.119 GC heap before
{Heap before GC invocations=40 (full 0):
 garbage-first heap   total 65536K, used 35803K [0x0000000083200000, 0x0000000100000000)
  region size 1024K, 4 young (4096K), 3 survivors (3072K)
 Metaspace       used 79362K, committed 79872K, reserved 1179648K
  class space    used 11152K, committed 11392K, reserved 1048576K
}
Event: 39.125 GC heap after
{Heap after GC invocations=41 (full 0):
 garbage-first heap   total 65536K, used 34580K [0x0000000083200000, 0x0000000100000000)
  region size 1024K, 1 young (1024K), 1 survivors (1024K)
 Metaspace       used 79362K, committed 79872K, reserved 1179648K
  class space    used 11152K, committed 11392K, reserved 1048576K
}
Event: 39.574 GC heap before
{Heap before GC invocations=41 (full 0):
 garbage-first heap   total 65536K, used 51988K [0x0000000083200000, 0x0000000100000000)
  region size 1024K, 19 young (19456K), 1 survivors (1024K)
 Metaspace       used 80837K, committed 81408K, reserved 1179648K
  class space    used 11356K, committed 11648K, reserved 1048576K
}
Event: 39.580 GC heap after
{Heap after GC invocations=42 (full 0):
 garbage-first heap   total 157696K, used 34998K [0x0000000083200000, 0x0000000100000000)
  region size 1024K, 1 young (1024K), 1 survivors (1024K)
 Metaspace       used 80837K, committed 81408K, reserved 1179648K
  class space    used 11356K, committed 11648K, reserved 1048576K
}
Event: 42.273 GC heap before
{Heap before GC invocations=43 (full 0):
 garbage-first heap   total 133120K, used 114870K [0x0000000083200000, 0x0000000100000000)
  region size 1024K, 78 young (79872K), 1 survivors (1024K)
 Metaspace       used 85108K, committed 85632K, reserved 1179648K
  class space    used 11928K, committed 12160K, reserved 1048576K
}
Event: 42.290 GC heap after
{Heap after GC invocations=44 (full 0):
 garbage-first heap   total 133120K, used 43467K [0x0000000083200000, 0x0000000100000000)
  region size 1024K, 9 young (9216K), 9 survivors (9216K)
 Metaspace       used 85108K, committed 85632K, reserved 1179648K
  class space    used 11928K, committed 12160K, reserved 1048576K
}
Event: 42.297 GC heap before
{Heap before GC invocations=44 (full 0):
 garbage-first heap   total 133120K, used 44491K [0x0000000083200000, 0x0000000100000000)
  region size 1024K, 10 young (10240K), 9 survivors (9216K)
 Metaspace       used 85108K, committed 85632K, reserved 1179648K
  class space    used 11928K, committed 12160K, reserved 1048576K
}
Event: 42.314 GC heap after
{Heap after GC invocations=45 (full 0):
 garbage-first heap   total 133120K, used 44948K [0x0000000083200000, 0x0000000100000000)
  region size 1024K, 2 young (2048K), 2 survivors (2048K)
 Metaspace       used 85108K, committed 85632K, reserved 1179648K
  class space    used 11928K, committed 12160K, reserved 1048576K
}
Event: 43.024 GC heap before
{Heap before GC invocations=45 (full 0):
 garbage-first heap   total 133120K, used 99220K [0x0000000083200000, 0x0000000100000000)
  region size 1024K, 55 young (56320K), 2 survivors (2048K)
 Metaspace       used 85204K, committed 85760K, reserved 1179648K
  class space    used 11941K, committed 12224K, reserved 1048576K
}
Event: 43.035 GC heap after
{Heap after GC invocations=46 (full 0):
 garbage-first heap   total 133120K, used 57003K [0x0000000083200000, 0x0000000100000000)
  region size 1024K, 7 young (7168K), 7 survivors (7168K)
 Metaspace       used 85204K, committed 85760K, reserved 1179648K
  class space    used 11941K, committed 12224K, reserved 1048576K
}
Event: 43.431 GC heap before
{Heap before GC invocations=46 (full 0):
 garbage-first heap   total 133120K, used 97963K [0x0000000083200000, 0x0000000100000000)
  region size 1024K, 47 young (48128K), 7 survivors (7168K)
 Metaspace       used 85204K, committed 85760K, reserved 1179648K
  class space    used 11941K, committed 12224K, reserved 1048576K
}
Event: 43.451 GC heap after
{Heap after GC invocations=47 (full 0):
 garbage-first heap   total 133120K, used 67476K [0x0000000083200000, 0x0000000100000000)
  region size 1024K, 6 young (6144K), 6 survivors (6144K)
 Metaspace       used 85204K, committed 85760K, reserved 1179648K
  class space    used 11941K, committed 12224K, reserved 1048576K
}
Event: 43.745 GC heap before
{Heap before GC invocations=47 (full 0):
 garbage-first heap   total 133120K, used 101268K [0x0000000083200000, 0x0000000100000000)
  region size 1024K, 39 young (39936K), 6 survivors (6144K)
 Metaspace       used 85246K, committed 85824K, reserved 1179648K
  class space    used 11948K, committed 12224K, reserved 1048576K
}
Event: 43.757 GC heap after
{Heap after GC invocations=48 (full 0):
 garbage-first heap   total 133120K, used 77781K [0x0000000083200000, 0x0000000100000000)
  region size 1024K, 5 young (5120K), 5 survivors (5120K)
 Metaspace       used 85246K, committed 85824K, reserved 1179648K
  class space    used 11948K, committed 12224K, reserved 1048576K
}
Event: 43.939 GC heap before
{Heap before GC invocations=48 (full 0):
 garbage-first heap   total 133120K, used 103381K [0x0000000083200000, 0x0000000100000000)
  region size 1024K, 31 young (31744K), 5 survivors (5120K)
 Metaspace       used 85246K, committed 85824K, reserved 1179648K
  class space    used 11948K, committed 12224K, reserved 1048576K
}

